/Users/jahnavibandarupalli/Library/Python/3.9/lib/python/site-packages/google/oauth2/__init__.py:40: FutureWarning: You are using a Python version 3.9 past its end of life. Google will update google-auth with critical bug fixes on a best-effort basis, but not with any other fixes or features. Please upgrade your Python version, and then update google-auth.
  warnings.warn(eol_message.format("3.9"), FutureWarning)
/Users/jahnavibandarupalli/Library/Python/3.9/lib/python/site-packages/google/auth/__init__.py:54: FutureWarning: You are using a Python version 3.9 past its end of life. Google will update google-auth with critical bug fixes on a best-effort basis, but not with any other fixes or features. Please upgrade your Python version, and then update google-auth.
  warnings.warn(eol_message.format("3.9"), FutureWarning)
/Users/jahnavibandarupalli/Library/Python/3.9/lib/python/site-packages/urllib3/__init__.py:35: NotOpenSSLWarning: urllib3 v2 only supports OpenSSL 1.1.1+, currently the 'ssl' module is compiled with 'LibreSSL 2.8.3'. See: https://github.com/urllib3/urllib3/issues/3020
  warnings.warn(
INFO:     Started server process [5263]
INFO:     Waiting for application startup.
INFO:     Application startup complete.
INFO:     Uvicorn running on http://0.0.0.0:3000 (Press CTRL+C to quit)
✅ Email service initialized
INFO:     127.0.0.1:50023 - "OPTIONS /api/auth/google HTTP/1.1" 200 OK
INFO:     127.0.0.1:50023 - "POST /api/auth/google HTTP/1.1" 200 OK
INFO:     127.0.0.1:50023 - "OPTIONS /api/student/requests HTTP/1.1" 200 OK
INFO:     127.0.0.1:50023 - "GET /api/student/requests HTTP/1.1" 200 OK
INFO:     127.0.0.1:50026 - "POST /api/auth/google HTTP/1.1" 403 Forbidden
INFO:     127.0.0.1:50029 - "POST /api/auth/google HTTP/1.1" 403 Forbidden
INFO:     127.0.0.1:50167 - "POST /api/auth/google HTTP/1.1" 401 Unauthorized
INFO:     127.0.0.1:50171 - "OPTIONS /api/auth/google HTTP/1.1" 200 OK
INFO:     127.0.0.1:50171 - "POST /api/auth/google HTTP/1.1" 200 OK
INFO:     127.0.0.1:50171 - "OPTIONS /api/student/requests HTTP/1.1" 200 OK
INFO:     127.0.0.1:50171 - "GET /api/student/requests HTTP/1.1" 200 OK
INFO:     127.0.0.1:50219 - "OPTIONS /api/auth/google HTTP/1.1" 200 OK
INFO:     127.0.0.1:50219 - "POST /api/auth/google HTTP/1.1" 200 OK
INFO:     127.0.0.1:50219 - "OPTIONS /api/student/requests HTTP/1.1" 200 OK
INFO:     127.0.0.1:50219 - "GET /api/student/requests HTTP/1.1" 200 OK
INFO:     127.0.0.1:50222 - "OPTIONS /api/student/request HTTP/1.1" 200 OK
INFO:     127.0.0.1:50222 - "POST /api/student/request HTTP/1.1" 500 Internal Server Error
ERROR:    Exception in ASGI application
Traceback (most recent call last):
  File "/Users/jahnavibandarupalli/Library/Python/3.9/lib/python/site-packages/uvicorn/protocols/http/h11_impl.py", line 409, in run_asgi
    result = await app(  # type: ignore[func-returns-value]
  File "/Users/jahnavibandarupalli/Library/Python/3.9/lib/python/site-packages/uvicorn/middleware/proxy_headers.py", line 60, in __call__
    return await self.app(scope, receive, send)
  File "/Users/jahnavibandarupalli/Library/Python/3.9/lib/python/site-packages/fastapi/applications.py", line 1138, in __call__
    await super().__call__(scope, receive, send)
  File "/Users/jahnavibandarupalli/Library/Python/3.9/lib/python/site-packages/starlette/applications.py", line 113, in __call__
    await self.middleware_stack(scope, receive, send)
  File "/Users/jahnavibandarupalli/Library/Python/3.9/lib/python/site-packages/starlette/middleware/errors.py", line 186, in __call__
    raise exc
  File "/Users/jahnavibandarupalli/Library/Python/3.9/lib/python/site-packages/starlette/middleware/errors.py", line 164, in __call__
    await self.app(scope, receive, _send)
  File "/Users/jahnavibandarupalli/Library/Python/3.9/lib/python/site-packages/starlette/middleware/cors.py", line 93, in __call__
    await self.simple_response(scope, receive, send, request_headers=headers)
  File "/Users/jahnavibandarupalli/Library/Python/3.9/lib/python/site-packages/starlette/middleware/cors.py", line 144, in simple_response
    await self.app(scope, receive, send)
  File "/Users/jahnavibandarupalli/Library/Python/3.9/lib/python/site-packages/starlette/middleware/exceptions.py", line 63, in __call__
    await wrap_app_handling_exceptions(self.app, conn)(scope, receive, send)
  File "/Users/jahnavibandarupalli/Library/Python/3.9/lib/python/site-packages/starlette/_exception_handler.py", line 53, in wrapped_app
    raise exc
  File "/Users/jahnavibandarupalli/Library/Python/3.9/lib/python/site-packages/starlette/_exception_handler.py", line 42, in wrapped_app
    await app(scope, receive, sender)
  File "/Users/jahnavibandarupalli/Library/Python/3.9/lib/python/site-packages/fastapi/middleware/asyncexitstack.py", line 18, in __call__
    await self.app(scope, receive, send)
  File "/Users/jahnavibandarupalli/Library/Python/3.9/lib/python/site-packages/starlette/routing.py", line 716, in __call__
    await self.middleware_stack(scope, receive, send)
  File "/Users/jahnavibandarupalli/Library/Python/3.9/lib/python/site-packages/starlette/routing.py", line 736, in app
    await route.handle(scope, receive, send)
  File "/Users/jahnavibandarupalli/Library/Python/3.9/lib/python/site-packages/starlette/routing.py", line 290, in handle
    await self.app(scope, receive, send)
  File "/Users/jahnavibandarupalli/Library/Python/3.9/lib/python/site-packages/fastapi/routing.py", line 121, in app
    await wrap_app_handling_exceptions(app, request)(scope, receive, send)
  File "/Users/jahnavibandarupalli/Library/Python/3.9/lib/python/site-packages/starlette/_exception_handler.py", line 53, in wrapped_app
    raise exc
  File "/Users/jahnavibandarupalli/Library/Python/3.9/lib/python/site-packages/starlette/_exception_handler.py", line 42, in wrapped_app
    await app(scope, receive, sender)
  File "/Users/jahnavibandarupalli/Library/Python/3.9/lib/python/site-packages/fastapi/routing.py", line 107, in app
    response = await f(request)
  File "/Users/jahnavibandarupalli/Library/Python/3.9/lib/python/site-packages/fastapi/routing.py", line 426, in app
    raw_response = await run_endpoint_function(
  File "/Users/jahnavibandarupalli/Library/Python/3.9/lib/python/site-packages/fastapi/routing.py", line 316, in run_endpoint_function
    return await run_in_threadpool(dependant.call, **values)
  File "/Users/jahnavibandarupalli/Library/Python/3.9/lib/python/site-packages/starlette/concurrency.py", line 38, in run_in_threadpool
    return await anyio.to_thread.run_sync(func)
  File "/Users/jahnavibandarupalli/Library/Python/3.9/lib/python/site-packages/anyio/to_thread.py", line 63, in run_sync
    return await get_async_backend().run_sync_in_worker_thread(
  File "/Users/jahnavibandarupalli/Library/Python/3.9/lib/python/site-packages/anyio/_backends/_asyncio.py", line 2502, in run_sync_in_worker_thread
    return await future
  File "/Users/jahnavibandarupalli/Library/Python/3.9/lib/python/site-packages/anyio/_backends/_asyncio.py", line 986, in run
    result = context.run(func, *args)
  File "/Users/jahnavibandarupalli/gateway/server.py", line 220, in submit_request
    request_id, user['id'], student['name'], student['roll_number'], student['class'], student['department'],
TypeError: 'NoneType' object is not subscriptable
INFO:     127.0.0.1:50224 - "POST /api/student/request HTTP/1.1" 500 Internal Server Error
ERROR:    Exception in ASGI application
Traceback (most recent call last):
  File "/Users/jahnavibandarupalli/Library/Python/3.9/lib/python/site-packages/uvicorn/protocols/http/h11_impl.py", line 409, in run_asgi
    result = await app(  # type: ignore[func-returns-value]
  File "/Users/jahnavibandarupalli/Library/Python/3.9/lib/python/site-packages/uvicorn/middleware/proxy_headers.py", line 60, in __call__
    return await self.app(scope, receive, send)
  File "/Users/jahnavibandarupalli/Library/Python/3.9/lib/python/site-packages/fastapi/applications.py", line 1138, in __call__
    await super().__call__(scope, receive, send)
  File "/Users/jahnavibandarupalli/Library/Python/3.9/lib/python/site-packages/starlette/applications.py", line 113, in __call__
    await self.middleware_stack(scope, receive, send)
  File "/Users/jahnavibandarupalli/Library/Python/3.9/lib/python/site-packages/starlette/middleware/errors.py", line 186, in __call__
    raise exc
  File "/Users/jahnavibandarupalli/Library/Python/3.9/lib/python/site-packages/starlette/middleware/errors.py", line 164, in __call__
    await self.app(scope, receive, _send)
  File "/Users/jahnavibandarupalli/Library/Python/3.9/lib/python/site-packages/starlette/middleware/cors.py", line 93, in __call__
    await self.simple_response(scope, receive, send, request_headers=headers)
  File "/Users/jahnavibandarupalli/Library/Python/3.9/lib/python/site-packages/starlette/middleware/cors.py", line 144, in simple_response
    await self.app(scope, receive, send)
  File "/Users/jahnavibandarupalli/Library/Python/3.9/lib/python/site-packages/starlette/middleware/exceptions.py", line 63, in __call__
    await wrap_app_handling_exceptions(self.app, conn)(scope, receive, send)
  File "/Users/jahnavibandarupalli/Library/Python/3.9/lib/python/site-packages/starlette/_exception_handler.py", line 53, in wrapped_app
    raise exc
  File "/Users/jahnavibandarupalli/Library/Python/3.9/lib/python/site-packages/starlette/_exception_handler.py", line 42, in wrapped_app
    await app(scope, receive, sender)
  File "/Users/jahnavibandarupalli/Library/Python/3.9/lib/python/site-packages/fastapi/middleware/asyncexitstack.py", line 18, in __call__
    await self.app(scope, receive, send)
  File "/Users/jahnavibandarupalli/Library/Python/3.9/lib/python/site-packages/starlette/routing.py", line 716, in __call__
    await self.middleware_stack(scope, receive, send)
  File "/Users/jahnavibandarupalli/Library/Python/3.9/lib/python/site-packages/starlette/routing.py", line 736, in app
    await route.handle(scope, receive, send)
  File "/Users/jahnavibandarupalli/Library/Python/3.9/lib/python/site-packages/starlette/routing.py", line 290, in handle
    await self.app(scope, receive, send)
  File "/Users/jahnavibandarupalli/Library/Python/3.9/lib/python/site-packages/fastapi/routing.py", line 121, in app
    await wrap_app_handling_exceptions(app, request)(scope, receive, send)
  File "/Users/jahnavibandarupalli/Library/Python/3.9/lib/python/site-packages/starlette/_exception_handler.py", line 53, in wrapped_app
    raise exc
  File "/Users/jahnavibandarupalli/Library/Python/3.9/lib/python/site-packages/starlette/_exception_handler.py", line 42, in wrapped_app
    await app(scope, receive, sender)
  File "/Users/jahnavibandarupalli/Library/Python/3.9/lib/python/site-packages/fastapi/routing.py", line 107, in app
    response = await f(request)
  File "/Users/jahnavibandarupalli/Library/Python/3.9/lib/python/site-packages/fastapi/routing.py", line 426, in app
    raw_response = await run_endpoint_function(
  File "/Users/jahnavibandarupalli/Library/Python/3.9/lib/python/site-packages/fastapi/routing.py", line 316, in run_endpoint_function
    return await run_in_threadpool(dependant.call, **values)
  File "/Users/jahnavibandarupalli/Library/Python/3.9/lib/python/site-packages/starlette/concurrency.py", line 38, in run_in_threadpool
    return await anyio.to_thread.run_sync(func)
  File "/Users/jahnavibandarupalli/Library/Python/3.9/lib/python/site-packages/anyio/to_thread.py", line 63, in run_sync
    return await get_async_backend().run_sync_in_worker_thread(
  File "/Users/jahnavibandarupalli/Library/Python/3.9/lib/python/site-packages/anyio/_backends/_asyncio.py", line 2502, in run_sync_in_worker_thread
    return await future
  File "/Users/jahnavibandarupalli/Library/Python/3.9/lib/python/site-packages/anyio/_backends/_asyncio.py", line 986, in run
    result = context.run(func, *args)
  File "/Users/jahnavibandarupalli/gateway/server.py", line 220, in submit_request
    request_id, user['id'], student['name'], student['roll_number'], student['class'], student['department'],
TypeError: 'NoneType' object is not subscriptable
INFO:     127.0.0.1:50226 - "POST /api/student/request HTTP/1.1" 500 Internal Server Error
ERROR:    Exception in ASGI application
Traceback (most recent call last):
  File "/Users/jahnavibandarupalli/Library/Python/3.9/lib/python/site-packages/uvicorn/protocols/http/h11_impl.py", line 409, in run_asgi
    result = await app(  # type: ignore[func-returns-value]
  File "/Users/jahnavibandarupalli/Library/Python/3.9/lib/python/site-packages/uvicorn/middleware/proxy_headers.py", line 60, in __call__
    return await self.app(scope, receive, send)
  File "/Users/jahnavibandarupalli/Library/Python/3.9/lib/python/site-packages/fastapi/applications.py", line 1138, in __call__
    await super().__call__(scope, receive, send)
  File "/Users/jahnavibandarupalli/Library/Python/3.9/lib/python/site-packages/starlette/applications.py", line 113, in __call__
    await self.middleware_stack(scope, receive, send)
  File "/Users/jahnavibandarupalli/Library/Python/3.9/lib/python/site-packages/starlette/middleware/errors.py", line 186, in __call__
    raise exc
  File "/Users/jahnavibandarupalli/Library/Python/3.9/lib/python/site-packages/starlette/middleware/errors.py", line 164, in __call__
    await self.app(scope, receive, _send)
  File "/Users/jahnavibandarupalli/Library/Python/3.9/lib/python/site-packages/starlette/middleware/cors.py", line 93, in __call__
    await self.simple_response(scope, receive, send, request_headers=headers)
  File "/Users/jahnavibandarupalli/Library/Python/3.9/lib/python/site-packages/starlette/middleware/cors.py", line 144, in simple_response
    await self.app(scope, receive, send)
  File "/Users/jahnavibandarupalli/Library/Python/3.9/lib/python/site-packages/starlette/middleware/exceptions.py", line 63, in __call__
    await wrap_app_handling_exceptions(self.app, conn)(scope, receive, send)
  File "/Users/jahnavibandarupalli/Library/Python/3.9/lib/python/site-packages/starlette/_exception_handler.py", line 53, in wrapped_app
    raise exc
  File "/Users/jahnavibandarupalli/Library/Python/3.9/lib/python/site-packages/starlette/_exception_handler.py", line 42, in wrapped_app
    await app(scope, receive, sender)
  File "/Users/jahnavibandarupalli/Library/Python/3.9/lib/python/site-packages/fastapi/middleware/asyncexitstack.py", line 18, in __call__
    await self.app(scope, receive, send)
  File "/Users/jahnavibandarupalli/Library/Python/3.9/lib/python/site-packages/starlette/routing.py", line 716, in __call__
    await self.middleware_stack(scope, receive, send)
  File "/Users/jahnavibandarupalli/Library/Python/3.9/lib/python/site-packages/starlette/routing.py", line 736, in app
    await route.handle(scope, receive, send)
  File "/Users/jahnavibandarupalli/Library/Python/3.9/lib/python/site-packages/starlette/routing.py", line 290, in handle
    await self.app(scope, receive, send)
  File "/Users/jahnavibandarupalli/Library/Python/3.9/lib/python/site-packages/fastapi/routing.py", line 121, in app
    await wrap_app_handling_exceptions(app, request)(scope, receive, send)
  File "/Users/jahnavibandarupalli/Library/Python/3.9/lib/python/site-packages/starlette/_exception_handler.py", line 53, in wrapped_app
    raise exc
  File "/Users/jahnavibandarupalli/Library/Python/3.9/lib/python/site-packages/starlette/_exception_handler.py", line 42, in wrapped_app
    await app(scope, receive, sender)
  File "/Users/jahnavibandarupalli/Library/Python/3.9/lib/python/site-packages/fastapi/routing.py", line 107, in app
    response = await f(request)
  File "/Users/jahnavibandarupalli/Library/Python/3.9/lib/python/site-packages/fastapi/routing.py", line 426, in app
    raw_response = await run_endpoint_function(
  File "/Users/jahnavibandarupalli/Library/Python/3.9/lib/python/site-packages/fastapi/routing.py", line 316, in run_endpoint_function
    return await run_in_threadpool(dependant.call, **values)
  File "/Users/jahnavibandarupalli/Library/Python/3.9/lib/python/site-packages/starlette/concurrency.py", line 38, in run_in_threadpool
    return await anyio.to_thread.run_sync(func)
  File "/Users/jahnavibandarupalli/Library/Python/3.9/lib/python/site-packages/anyio/to_thread.py", line 63, in run_sync
    return await get_async_backend().run_sync_in_worker_thread(
  File "/Users/jahnavibandarupalli/Library/Python/3.9/lib/python/site-packages/anyio/_backends/_asyncio.py", line 2502, in run_sync_in_worker_thread
    return await future
  File "/Users/jahnavibandarupalli/Library/Python/3.9/lib/python/site-packages/anyio/_backends/_asyncio.py", line 986, in run
    result = context.run(func, *args)
  File "/Users/jahnavibandarupalli/gateway/server.py", line 220, in submit_request
    request_id, user['id'], student['name'], student['roll_number'], student['class'], student['department'],
TypeError: 'NoneType' object is not subscriptable
